Analysis & Synthesis report for Sesion2
Fri Mar 01 18:08:34 2019
Quartus II Version 9.1 Build 350 03/24/2010 Service Pack 2 SJ Web Edition


---------------------
; Table of Contents ;
---------------------
  1. Legal Notice
  2. Analysis & Synthesis Summary
  3. Analysis & Synthesis Settings
  4. Parallel Compilation
  5. Analysis & Synthesis Source Files Read
  6. Analysis & Synthesis Resource Usage Summary
  7. Analysis & Synthesis Resource Utilization by Entity
  8. Analysis & Synthesis Messages



----------------
; Legal Notice ;
----------------
Copyright (C) 1991-2010 Altera Corporation
Your use of Altera Corporation's design tools, logic functions 
and other software and tools, and its AMPP partner logic 
functions, and any output files from any of the foregoing 
(including device programming or simulation files), and any 
associated documentation or information are expressly subject 
to the terms and conditions of the Altera Program License 
Subscription Agreement, Altera MegaCore Function License 
Agreement, or other applicable license agreement, including, 
without limitation, that your use is for the sole purpose of 
programming logic devices manufactured by Altera and sold by 
Altera or its authorized distributors.  Please refer to the 
applicable agreement for further details.



+----------------------------------------------------------------------------+
; Analysis & Synthesis Summary                                               ;
+-----------------------------+----------------------------------------------+
; Analysis & Synthesis Status ; Successful - Fri Mar 01 18:08:34 2019        ;
; Quartus II Version          ; 9.1 Build 350 03/24/2010 SP 2 SJ Web Edition ;
; Revision Name               ; Sesion2                                      ;
; Top-level Entity Name       ; Sesion2                                      ;
; Family                      ; MAX7000S                                     ;
; Total macrocells            ; 4                                            ;
; Total pins                  ; 8                                            ;
+-----------------------------+----------------------------------------------+


+--------------------------------------------------------------------------------------------------------------+
; Analysis & Synthesis Settings                                                                                ;
+----------------------------------------------------------------------------+-----------------+---------------+
; Option                                                                     ; Setting         ; Default Value ;
+----------------------------------------------------------------------------+-----------------+---------------+
; Device                                                                     ; EPM7064SLC84-10 ;               ;
; Top-level entity name                                                      ; Sesion2         ; Sesion2       ;
; Family name                                                                ; MAX7000S        ; Stratix II    ;
; Use Generated Physical Constraints File                                    ; Off             ;               ;
; Use smart compilation                                                      ; Off             ; Off           ;
; Enable parallel Assembler and TimeQuest Timing Analyzer during compilation ; On              ; On            ;
; Enable compact report table                                                ; Off             ; Off           ;
; Create Debugging Nodes for IP Cores                                        ; Off             ; Off           ;
; Preserve fewer node names                                                  ; On              ; On            ;
; Disable OpenCore Plus hardware evaluation                                  ; Off             ; Off           ;
; Verilog Version                                                            ; Verilog_2001    ; Verilog_2001  ;
; VHDL Version                                                               ; VHDL_1993       ; VHDL_1993     ;
; State Machine Processing                                                   ; Auto            ; Auto          ;
; Safe State Machine                                                         ; Off             ; Off           ;
; Extract Verilog State Machines                                             ; On              ; On            ;
; Extract VHDL State Machines                                                ; On              ; On            ;
; Ignore Verilog initial constructs                                          ; Off             ; Off           ;
; Iteration limit for constant Verilog loops                                 ; 5000            ; 5000          ;
; Iteration limit for non-constant Verilog loops                             ; 250             ; 250           ;
; Add Pass-Through Logic to Inferred RAMs                                    ; On              ; On            ;
; Parallel Synthesis                                                         ; On              ; On            ;
; NOT Gate Push-Back                                                         ; On              ; On            ;
; Power-Up Don't Care                                                        ; On              ; On            ;
; Remove Duplicate Registers                                                 ; On              ; On            ;
; Ignore CARRY Buffers                                                       ; Off             ; Off           ;
; Ignore CASCADE Buffers                                                     ; Off             ; Off           ;
; Ignore GLOBAL Buffers                                                      ; Off             ; Off           ;
; Ignore ROW GLOBAL Buffers                                                  ; Off             ; Off           ;
; Ignore LCELL Buffers                                                       ; Auto            ; Auto          ;
; Ignore SOFT Buffers                                                        ; Off             ; Off           ;
; Limit AHDL Integers to 32 Bits                                             ; Off             ; Off           ;
; Optimization Technique                                                     ; Speed           ; Speed         ;
; Allow XOR Gate Usage                                                       ; On              ; On            ;
; Auto Logic Cell Insertion                                                  ; On              ; On            ;
; Parallel Expander Chain Length                                             ; 4               ; 4             ;
; Auto Parallel Expanders                                                    ; On              ; On            ;
; Auto Open-Drain Pins                                                       ; On              ; On            ;
; Auto Resource Sharing                                                      ; Off             ; Off           ;
; Maximum Fan-in Per Macrocell                                               ; 100             ; 100           ;
; Use LogicLock Constraints during Resource Balancing                        ; On              ; On            ;
; Ignore translate_off and synthesis_off directives                          ; Off             ; Off           ;
; Show Parameter Settings Tables in Synthesis Report                         ; On              ; On            ;
; HDL message level                                                          ; Level2          ; Level2        ;
; Suppress Register Optimization Related Messages                            ; Off             ; Off           ;
; Number of Removed Registers Reported in Synthesis Report                   ; 5000            ; 5000          ;
; Number of Inverted Registers Reported in Synthesis Report                  ; 100             ; 100           ;
; Block Design Naming                                                        ; Auto            ; Auto          ;
; Synthesis Effort                                                           ; Auto            ; Auto          ;
; Shift Register Replacement - Allow Asynchronous Clear Signal               ; On              ; On            ;
; Analysis & Synthesis Message Level                                         ; Medium          ; Medium        ;
; Disable Register Merging Across Hierarchies                                ; Auto            ; Auto          ;
+----------------------------------------------------------------------------+-----------------+---------------+


Parallel compilation was disabled, but you have multiple processors available. Enable parallel compilation to reduce compilation time.
+-------------------------------------+
; Parallel Compilation                ;
+----------------------------+--------+
; Processors                 ; Number ;
+----------------------------+--------+
; Number detected on machine ; 6      ;
; Maximum allowed            ; 1      ;
+----------------------------+--------+


+----------------------------------------------------------------------------------------------------------------------------------------------------------------------------------------------------------------------------+
; Analysis & Synthesis Source Files Read                                                                                                                                                                                     ;
+----------------------------------+-----------------+------------------------------------+----------------------------------------------------------------------------------------------------------------------------------+
; File Name with User-Entered Path ; Used in Netlist ; File Type                          ; File Name with Absolute Path                                                                                                     ;
+----------------------------------+-----------------+------------------------------------+----------------------------------------------------------------------------------------------------------------------------------+
; Codificador.bdf                  ; yes             ; User Block Diagram/Schematic File  ; D:/Drive/Universidad/Primero/2º. Cuatrimestre/TECNOLOGIA DE COMPUTADORES/Practicas/Sesion 2/Practica 2 TC/Codificador.bdf        ;
; LogicaDeResultados.bdf           ; yes             ; User Block Diagram/Schematic File  ; D:/Drive/Universidad/Primero/2º. Cuatrimestre/TECNOLOGIA DE COMPUTADORES/Practicas/Sesion 2/Practica 2 TC/LogicaDeResultados.bdf ;
; Sesion2.bdf                      ; yes             ; User Block Diagram/Schematic File  ; D:/Drive/Universidad/Primero/2º. Cuatrimestre/TECNOLOGIA DE COMPUTADORES/Practicas/Sesion 2/Practica 2 TC/Sesion2.bdf            ;
+----------------------------------+-----------------+------------------------------------+----------------------------------------------------------------------------------------------------------------------------------+


+---------------------------------------------+
; Analysis & Synthesis Resource Usage Summary ;
+----------------------+----------------------+
; Resource             ; Usage                ;
+----------------------+----------------------+
; Logic cells          ; 4                    ;
; Total registers      ; 0                    ;
; I/O pins             ; 8                    ;
; Parallel expanders   ; 2                    ;
; Maximum fan-out node ; T1                   ;
; Maximum fan-out      ; 4                    ;
; Total fan-out        ; 28                   ;
; Average fan-out      ; 2.33                 ;
+----------------------+----------------------+


+------------------------------------------------------------------------------------------------------+
; Analysis & Synthesis Resource Utilization by Entity                                                  ;
+-------------------------------+------------+------+-----------------------------------+--------------+
; Compilation Hierarchy Node    ; Macrocells ; Pins ; Full Hierarchy Name               ; Library Name ;
+-------------------------------+------------+------+-----------------------------------+--------------+
; |Sesion2                      ; 4          ; 8    ; |Sesion2                          ; work         ;
;    |LogicaDeResultados:inst1| ; 4          ; 0    ; |Sesion2|LogicaDeResultados:inst1 ; work         ;
+-------------------------------+------------+------+-----------------------------------+--------------+


+-------------------------------+
; Analysis & Synthesis Messages ;
+-------------------------------+
Info: *******************************************************************
Info: Running Quartus II Analysis & Synthesis
    Info: Version 9.1 Build 350 03/24/2010 Service Pack 2 SJ Web Edition
    Info: Processing started: Fri Mar 01 18:08:33 2019
Info: Command: quartus_map --read_settings_files=on --write_settings_files=off Sesion2 -c Sesion2
Info: Found 1 design units, including 1 entities, in source file codificador.bdf
    Info: Found entity 1: Codificador
Info: Found 1 design units, including 1 entities, in source file logicaderesultados.bdf
    Info: Found entity 1: LogicaDeResultados
Info: Found 1 design units, including 1 entities, in source file sesion2.bdf
    Info: Found entity 1: Sesion2
Info: Elaborating entity "Sesion2" for the top level hierarchy
Info: Elaborating entity "LogicaDeResultados" for hierarchy "LogicaDeResultados:inst1"
Info: Elaborating entity "Codificador" for hierarchy "Codificador:CODJ1"
Info: Implemented 12 device resources after synthesis - the final resource count might be different
    Info: Implemented 6 input pins
    Info: Implemented 2 output pins
    Info: Implemented 4 macrocells
Info: Quartus II Analysis & Synthesis was successful. 0 errors, 0 warnings
    Info: Peak virtual memory: 218 megabytes
    Info: Processing ended: Fri Mar 01 18:08:34 2019
    Info: Elapsed time: 00:00:01
    Info: Total CPU time (on all processors): 00:00:01


