Analysis & Synthesis report for JuegoDados
Thu Apr 25 11:31:48 2019
Quartus II Version 9.1 Build 350 03/24/2010 Service Pack 2 SJ Web Edition


---------------------
; Table of Contents ;
---------------------
  1. Legal Notice
  2. Analysis & Synthesis Summary
  3. Analysis & Synthesis Settings
  4. Parallel Compilation
  5. Analysis & Synthesis Source Files Read
  6. Analysis & Synthesis Resource Usage Summary
  7. Analysis & Synthesis Resource Utilization by Entity
  8. Parameter Settings for User Entity Instance: LFSR:inst|BUSMUX:inst5
  9. Parameter Settings for User Entity Instance: LFSR:inst|BUSMUX:inst7
 10. Parameter Settings for User Entity Instance: LFSR:inst|BUSMUX:inst6
 11. Parameter Settings for User Entity Instance: LFSR:inst|BUSMUX:inst8
 12. Analysis & Synthesis Messages



----------------
; Legal Notice ;
----------------
Copyright (C) 1991-2010 Altera Corporation
Your use of Altera Corporation's design tools, logic functions 
and other software and tools, and its AMPP partner logic 
functions, and any output files from any of the foregoing 
(including device programming or simulation files), and any 
associated documentation or information are expressly subject 
to the terms and conditions of the Altera Program License 
Subscription Agreement, Altera MegaCore Function License 
Agreement, or other applicable license agreement, including, 
without limitation, that your use is for the sole purpose of 
programming logic devices manufactured by Altera and sold by 
Altera or its authorized distributors.  Please refer to the 
applicable agreement for further details.



+----------------------------------------------------------------------------+
; Analysis & Synthesis Summary                                               ;
+-----------------------------+----------------------------------------------+
; Analysis & Synthesis Status ; Successful - Thu Apr 25 11:31:48 2019        ;
; Quartus II Version          ; 9.1 Build 350 03/24/2010 SP 2 SJ Web Edition ;
; Revision Name               ; JuegoDados                                   ;
; Top-level Entity Name       ; JuegoDados                                   ;
; Family                      ; MAX7000S                                     ;
; Total macrocells            ; 24                                           ;
; Total pins                  ; 15                                           ;
+-----------------------------+----------------------------------------------+


+--------------------------------------------------------------------------------------------------------------+
; Analysis & Synthesis Settings                                                                                ;
+----------------------------------------------------------------------------+-----------------+---------------+
; Option                                                                     ; Setting         ; Default Value ;
+----------------------------------------------------------------------------+-----------------+---------------+
; Device                                                                     ; EPM7064SLC44-10 ;               ;
; Top-level entity name                                                      ; JuegoDados      ; JuegoDados    ;
; Family name                                                                ; MAX7000S        ; Stratix II    ;
; Use Generated Physical Constraints File                                    ; Off             ;               ;
; Use smart compilation                                                      ; Off             ; Off           ;
; Enable parallel Assembler and TimeQuest Timing Analyzer during compilation ; On              ; On            ;
; Enable compact report table                                                ; Off             ; Off           ;
; Create Debugging Nodes for IP Cores                                        ; Off             ; Off           ;
; Preserve fewer node names                                                  ; On              ; On            ;
; Disable OpenCore Plus hardware evaluation                                  ; Off             ; Off           ;
; Verilog Version                                                            ; Verilog_2001    ; Verilog_2001  ;
; VHDL Version                                                               ; VHDL_1993       ; VHDL_1993     ;
; State Machine Processing                                                   ; Auto            ; Auto          ;
; Safe State Machine                                                         ; Off             ; Off           ;
; Extract Verilog State Machines                                             ; On              ; On            ;
; Extract VHDL State Machines                                                ; On              ; On            ;
; Ignore Verilog initial constructs                                          ; Off             ; Off           ;
; Iteration limit for constant Verilog loops                                 ; 5000            ; 5000          ;
; Iteration limit for non-constant Verilog loops                             ; 250             ; 250           ;
; Add Pass-Through Logic to Inferred RAMs                                    ; On              ; On            ;
; Parallel Synthesis                                                         ; On              ; On            ;
; NOT Gate Push-Back                                                         ; On              ; On            ;
; Power-Up Don't Care                                                        ; On              ; On            ;
; Remove Duplicate Registers                                                 ; On              ; On            ;
; Ignore CARRY Buffers                                                       ; Off             ; Off           ;
; Ignore CASCADE Buffers                                                     ; Off             ; Off           ;
; Ignore GLOBAL Buffers                                                      ; Off             ; Off           ;
; Ignore ROW GLOBAL Buffers                                                  ; Off             ; Off           ;
; Ignore LCELL Buffers                                                       ; Auto            ; Auto          ;
; Ignore SOFT Buffers                                                        ; Off             ; Off           ;
; Limit AHDL Integers to 32 Bits                                             ; Off             ; Off           ;
; Optimization Technique                                                     ; Speed           ; Speed         ;
; Allow XOR Gate Usage                                                       ; On              ; On            ;
; Auto Logic Cell Insertion                                                  ; On              ; On            ;
; Parallel Expander Chain Length                                             ; 4               ; 4             ;
; Auto Parallel Expanders                                                    ; On              ; On            ;
; Auto Open-Drain Pins                                                       ; On              ; On            ;
; Auto Resource Sharing                                                      ; Off             ; Off           ;
; Maximum Fan-in Per Macrocell                                               ; 100             ; 100           ;
; Use LogicLock Constraints during Resource Balancing                        ; On              ; On            ;
; Ignore translate_off and synthesis_off directives                          ; Off             ; Off           ;
; Show Parameter Settings Tables in Synthesis Report                         ; On              ; On            ;
; HDL message level                                                          ; Level2          ; Level2        ;
; Suppress Register Optimization Related Messages                            ; Off             ; Off           ;
; Number of Removed Registers Reported in Synthesis Report                   ; 5000            ; 5000          ;
; Number of Inverted Registers Reported in Synthesis Report                  ; 100             ; 100           ;
; Block Design Naming                                                        ; Auto            ; Auto          ;
; Synthesis Effort                                                           ; Auto            ; Auto          ;
; Shift Register Replacement - Allow Asynchronous Clear Signal               ; On              ; On            ;
; Analysis & Synthesis Message Level                                         ; Medium          ; Medium        ;
; Disable Register Merging Across Hierarchies                                ; Auto            ; Auto          ;
+----------------------------------------------------------------------------+-----------------+---------------+


Parallel compilation was disabled, but you have multiple processors available. Enable parallel compilation to reduce compilation time.
+-------------------------------------+
; Parallel Compilation                ;
+----------------------------+--------+
; Processors                 ; Number ;
+----------------------------+--------+
; Number detected on machine ; 6      ;
; Maximum allowed            ; 1      ;
+----------------------------+--------+


+--------------------------------------------------------------------------------------------------------------------------------------------------------------------------------------------------------------------------------------+
; Analysis & Synthesis Source Files Read                                                                                                                                                                                               ;
+----------------------------------+-----------------+------------------------------------------+--------------------------------------------------------------------------------------------------------------------------------------+
; File Name with User-Entered Path ; Used in Netlist ; File Type                                ; File Name with Absolute Path                                                                                                         ;
+----------------------------------+-----------------+------------------------------------------+--------------------------------------------------------------------------------------------------------------------------------------+
; JuegoDados.bdf                   ; yes             ; User Block Diagram/Schematic File        ; D:/Drive/Universidad/Primero/2º. Cuatrimestre/TECNOLOGIA DE COMPUTADORES/Practicas/Sesion 4/Practica 4 TC JUEGODADOS/JuegoDados.bdf  ;
; comparador.bdf                   ; yes             ; Auto-Found Block Diagram/Schematic File  ; D:/Drive/Universidad/Primero/2º. Cuatrimestre/TECNOLOGIA DE COMPUTADORES/Practicas/Sesion 4/Practica 4 TC JUEGODADOS/comparador.bdf  ;
; registro.bdf                     ; yes             ; Auto-Found Block Diagram/Schematic File  ; D:/Drive/Universidad/Primero/2º. Cuatrimestre/TECNOLOGIA DE COMPUTADORES/Practicas/Sesion 4/Practica 4 TC JUEGODADOS/registro.bdf    ;
; fsm.bdf                          ; yes             ; Auto-Found Block Diagram/Schematic File  ; D:/Drive/Universidad/Primero/2º. Cuatrimestre/TECNOLOGIA DE COMPUTADORES/Practicas/Sesion 4/Practica 4 TC JUEGODADOS/fsm.bdf         ;
; conformador.bdf                  ; yes             ; Auto-Found Block Diagram/Schematic File  ; D:/Drive/Universidad/Primero/2º. Cuatrimestre/TECNOLOGIA DE COMPUTADORES/Practicas/Sesion 4/Practica 4 TC JUEGODADOS/conformador.bdf ;
; lfsr.bdf                         ; yes             ; Auto-Found Block Diagram/Schematic File  ; D:/Drive/Universidad/Primero/2º. Cuatrimestre/TECNOLOGIA DE COMPUTADORES/Practicas/Sesion 4/Practica 4 TC JUEGODADOS/lfsr.bdf        ;
; busmux.tdf                       ; yes             ; Megafunction                             ; d:/programas/altera/91sp2/quartus/libraries/megafunctions/busmux.tdf                                                                 ;
; lpm_mux.tdf                      ; yes             ; Megafunction                             ; d:/programas/altera/91sp2/quartus/libraries/megafunctions/lpm_mux.tdf                                                                ;
; altshift.tdf                     ; yes             ; Megafunction                             ; d:/programas/altera/91sp2/quartus/libraries/megafunctions/altshift.tdf                                                               ;
; muxlut.tdf                       ; yes             ; Megafunction                             ; d:/programas/altera/91sp2/quartus/libraries/megafunctions/muxlut.tdf                                                                 ;
+----------------------------------+-----------------+------------------------------------------+--------------------------------------------------------------------------------------------------------------------------------------+


+---------------------------------------------+
; Analysis & Synthesis Resource Usage Summary ;
+----------------------+----------------------+
; Resource             ; Usage                ;
+----------------------+----------------------+
; Logic cells          ; 24                   ;
; Total registers      ; 16                   ;
; I/O pins             ; 15                   ;
; Parallel expanders   ; 5                    ;
; Maximum fan-out node ; fsm:inst3|inst       ;
; Maximum fan-out      ; 17                   ;
; Total fan-out        ; 166                  ;
; Average fan-out      ; 4.26                 ;
+----------------------+----------------------+


+-----------------------------------------------------------------------------------------------+
; Analysis & Synthesis Resource Utilization by Entity                                           ;
+----------------------------+------------+------+-------------------------------+--------------+
; Compilation Hierarchy Node ; Macrocells ; Pins ; Full Hierarchy Name           ; Library Name ;
+----------------------------+------------+------+-------------------------------+--------------+
; |JuegoDados                ; 24         ; 15   ; |JuegoDados                   ; work         ;
;    |comparador:inst1|      ; 8          ; 0    ; |JuegoDados|comparador:inst1  ; work         ;
;    |conformador:inst2|     ; 2          ; 0    ; |JuegoDados|conformador:inst2 ; work         ;
;    |fsm:inst3|             ; 2          ; 0    ; |JuegoDados|fsm:inst3         ; work         ;
;    |lfsr:inst|             ; 4          ; 0    ; |JuegoDados|lfsr:inst         ; work         ;
;    |registro:inst12|       ; 4          ; 0    ; |JuegoDados|registro:inst12   ; work         ;
;    |registro:inst7|        ; 4          ; 0    ; |JuegoDados|registro:inst7    ; work         ;
+----------------------------+------------+------+-------------------------------+--------------+


+---------------------------------------------------------------------+
; Parameter Settings for User Entity Instance: LFSR:inst|BUSMUX:inst5 ;
+----------------+-------+--------------------------------------------+
; Parameter Name ; Value ; Type                                       ;
+----------------+-------+--------------------------------------------+
; WIDTH          ; 1     ; Untyped                                    ;
+----------------+-------+--------------------------------------------+
Note: In order to hide this table in the UI and the text report file, please set the "Show Parameter Settings Tables in Synthesis Report" option in "Analysis and Synthesis Settings -> More Settings" to "Off".


+---------------------------------------------------------------------+
; Parameter Settings for User Entity Instance: LFSR:inst|BUSMUX:inst7 ;
+----------------+-------+--------------------------------------------+
; Parameter Name ; Value ; Type                                       ;
+----------------+-------+--------------------------------------------+
; WIDTH          ; 1     ; Untyped                                    ;
+----------------+-------+--------------------------------------------+
Note: In order to hide this table in the UI and the text report file, please set the "Show Parameter Settings Tables in Synthesis Report" option in "Analysis and Synthesis Settings -> More Settings" to "Off".


+---------------------------------------------------------------------+
; Parameter Settings for User Entity Instance: LFSR:inst|BUSMUX:inst6 ;
+----------------+-------+--------------------------------------------+
; Parameter Name ; Value ; Type                                       ;
+----------------+-------+--------------------------------------------+
; WIDTH          ; 1     ; Untyped                                    ;
+----------------+-------+--------------------------------------------+
Note: In order to hide this table in the UI and the text report file, please set the "Show Parameter Settings Tables in Synthesis Report" option in "Analysis and Synthesis Settings -> More Settings" to "Off".


+---------------------------------------------------------------------+
; Parameter Settings for User Entity Instance: LFSR:inst|BUSMUX:inst8 ;
+----------------+-------+--------------------------------------------+
; Parameter Name ; Value ; Type                                       ;
+----------------+-------+--------------------------------------------+
; WIDTH          ; 1     ; Untyped                                    ;
+----------------+-------+--------------------------------------------+
Note: In order to hide this table in the UI and the text report file, please set the "Show Parameter Settings Tables in Synthesis Report" option in "Analysis and Synthesis Settings -> More Settings" to "Off".


+-------------------------------+
; Analysis & Synthesis Messages ;
+-------------------------------+
Info: *******************************************************************
Info: Running Quartus II Analysis & Synthesis
    Info: Version 9.1 Build 350 03/24/2010 Service Pack 2 SJ Web Edition
    Info: Processing started: Thu Apr 25 11:31:47 2019
Info: Command: quartus_map --read_settings_files=on --write_settings_files=off JuegoDados -c JuegoDados
Info: Found 1 design units, including 1 entities, in source file juegodados.bdf
    Info: Found entity 1: JuegoDados
Info: Elaborating entity "JuegoDados" for the top level hierarchy
Warning: Using design file comparador.bdf, which is not specified as a design file for the current project, but contains definitions for 1 design units and 1 entities in project
    Info: Found entity 1: comparador
Info: Elaborating entity "Comparador" for hierarchy "Comparador:inst1"
Warning: Using design file registro.bdf, which is not specified as a design file for the current project, but contains definitions for 1 design units and 1 entities in project
    Info: Found entity 1: registro
Info: Elaborating entity "Registro" for hierarchy "Registro:inst12"
Warning: Using design file fsm.bdf, which is not specified as a design file for the current project, but contains definitions for 1 design units and 1 entities in project
    Info: Found entity 1: fsm
Info: Elaborating entity "FSM" for hierarchy "FSM:inst3"
Warning: Using design file conformador.bdf, which is not specified as a design file for the current project, but contains definitions for 1 design units and 1 entities in project
    Info: Found entity 1: conformador
Info: Elaborating entity "Conformador" for hierarchy "Conformador:inst2"
Warning: Using design file lfsr.bdf, which is not specified as a design file for the current project, but contains definitions for 1 design units and 1 entities in project
    Info: Found entity 1: lfsr
Info: Elaborating entity "LFSR" for hierarchy "LFSR:inst"
Info: Elaborating entity "BUSMUX" for hierarchy "LFSR:inst|BUSMUX:inst5"
Info: Elaborated megafunction instantiation "LFSR:inst|BUSMUX:inst5"
Info: Instantiated megafunction "LFSR:inst|BUSMUX:inst5" with the following parameter:
    Info: Parameter "WIDTH" = "1"
Info: Elaborating entity "lpm_mux" for hierarchy "LFSR:inst|BUSMUX:inst5|lpm_mux:$00000"
Info: Elaborated megafunction instantiation "LFSR:inst|BUSMUX:inst5|lpm_mux:$00000", which is child of megafunction instantiation "LFSR:inst|BUSMUX:inst5"
Info: Elaborating entity "altshift" for hierarchy "LFSR:inst|BUSMUX:inst5|lpm_mux:$00000|altshift:external_latency_ffs"
Info: Elaborated megafunction instantiation "LFSR:inst|BUSMUX:inst5|lpm_mux:$00000|altshift:external_latency_ffs", which is child of megafunction instantiation "LFSR:inst|BUSMUX:inst5"
Info: Elaborating entity "muxlut" for hierarchy "LFSR:inst|BUSMUX:inst5|lpm_mux:$00000|muxlut:$00009"
Info: Elaborated megafunction instantiation "LFSR:inst|BUSMUX:inst5|lpm_mux:$00000|muxlut:$00009", which is child of megafunction instantiation "LFSR:inst|BUSMUX:inst5"
Info: Implemented 39 device resources after synthesis - the final resource count might be different
    Info: Implemented 4 input pins
    Info: Implemented 11 output pins
    Info: Implemented 24 macrocells
Info: Quartus II Analysis & Synthesis was successful. 0 errors, 5 warnings
    Info: Peak virtual memory: 230 megabytes
    Info: Processing ended: Thu Apr 25 11:31:48 2019
    Info: Elapsed time: 00:00:01
    Info: Total CPU time (on all processors): 00:00:01


